<?xml version="1.0" encoding="UTF-8"?>
<testsuite name="RectangularMapTest" tests="3" skipped="0" failures="0" errors="0" timestamp="2021-11-25T14:08:51" hostname="DESKTOP-S29U9S6" time="0.003">
  <properties/>
  <testcase name="place_plus_objectAtTest()" classname="RectangularMapTest" time="0.001"/>
  <testcase name="isOccupiedTest()" classname="RectangularMapTest" time="0.0"/>
  <testcase name="canMovetoTest()" classname="RectangularMapTest" time="0.0"/>
  <system-out><![CDATA[]]></system-out>
  <system-err><![CDATA[]]></system-err>
</testsuite>
