<?xml version="1.0" encoding="UTF-8"?>
<testsuite name="GrassFieldTest" tests="3" skipped="0" failures="0" errors="0" timestamp="2021-11-18T23:30:25" hostname="DESKTOP-S29U9S6" time="0.004">
  <properties/>
  <testcase name="place_plus_objectAtTest()" classname="GrassFieldTest" time="0.002"/>
  <testcase name="isOccupiedTest()" classname="GrassFieldTest" time="0.001"/>
  <testcase name="canMovetoTest()" classname="GrassFieldTest" time="0.0"/>
  <system-out><![CDATA[]]></system-out>
  <system-err><![CDATA[]]></system-err>
</testsuite>
