<?xml version="1.0" encoding="UTF-8"?>
<testsuite name="MapDirectionTest" tests="2" skipped="0" failures="0" errors="0" timestamp="2021-11-18T23:30:25" hostname="DESKTOP-S29U9S6" time="0.001">
  <properties/>
  <testcase name="test_next()" classname="MapDirectionTest" time="0.0"/>
  <testcase name="test_previous()" classname="MapDirectionTest" time="0.0"/>
  <system-out><![CDATA[]]></system-out>
  <system-err><![CDATA[]]></system-err>
</testsuite>
